producer_class	xtools.gsea.Gsea
producer_timestamp	1590041610752
param	zip_report	false
param	num	100
param	scoring_scheme	weighted
param	norm	meandiv
param	out	/home/diana/Workspace/luma-genfunc/gsea
param	mode	Max_probe
param	include_only_symbols	true
param	set_max	500
param	gmx	ftp.broadinstitute.org://pub/gsea/gene_sets/c5.bp.v7.1.symbols.gmt
param	plot_top_x	20
param	nperm	1000
param	order	descending
param	rpt_label	TCGA
param	rnd_seed	timestamp
param	set_min	15
param	res	/home/diana/Workspace/luma-genfunc/data/tcga_exprGSEA.txt
param	create_svgs	false
param	cls	/home/diana/Workspace/luma-genfunc/data/tcga_GSEA.cls#luma_versus_healthy
param	sort	real
param	create_gcts	false
param	help	false
param	save_rnd_lists	false
param	median	false
param	metric	Signal2Noise
param	make_sets	true
param	rnd_type	no_balance
param	gui	false
param	permute	phenotype
param	collapse	No_Collapse

file	/home/diana/Workspace/luma-genfunc/gsea/TCGA.Gsea.1590041610752/index.html
